[debug] [2023-02-04T23:54:21.624Z] ----------------------------------------------------------------------
[debug] [2023-02-04T23:54:21.626Z] Command:       /usr/local/bin/node /Users/lefrascoetzee/Documents/Code/navestockcricketclub-monorepo-v2/node_modules/.bin/firebase deploy --only functions:hello
[debug] [2023-02-04T23:54:21.627Z] CLI Version:   11.22.0
[debug] [2023-02-04T23:54:21.627Z] Platform:      darwin
[debug] [2023-02-04T23:54:21.628Z] Node Version:  v18.13.0
[debug] [2023-02-04T23:54:21.629Z] Time:          Sat Feb 04 2023 23:54:21 GMT+0000 (Greenwich Mean Time)
[debug] [2023-02-04T23:54:21.630Z] ----------------------------------------------------------------------
[debug] 
[debug] [2023-02-04T23:54:21.722Z] > command requires scopes: ["email","openid","https://www.googleapis.com/auth/cloudplatformprojects.readonly","https://www.googleapis.com/auth/firebase","https://www.googleapis.com/auth/cloud-platform"]
[debug] [2023-02-04T23:54:21.723Z] > authorizing via signed-in user (lefras.coetzee@gmail.com)
[debug] [2023-02-04T23:54:21.723Z] [iam] checking project test-navestock-website for permissions ["cloudfunctions.functions.create","cloudfunctions.functions.delete","cloudfunctions.functions.get","cloudfunctions.functions.list","cloudfunctions.functions.update","cloudfunctions.operations.get","firebase.projects.get"]
[debug] [2023-02-04T23:54:21.726Z] >>> [apiv2][query] POST https://cloudresourcemanager.googleapis.com/v1/projects/test-navestock-website:testIamPermissions [none]
[debug] [2023-02-04T23:54:21.726Z] >>> [apiv2][(partial)header] POST https://cloudresourcemanager.googleapis.com/v1/projects/test-navestock-website:testIamPermissions x-goog-quota-user=projects/test-navestock-website
[debug] [2023-02-04T23:54:21.727Z] >>> [apiv2][body] POST https://cloudresourcemanager.googleapis.com/v1/projects/test-navestock-website:testIamPermissions {"permissions":["cloudfunctions.functions.create","cloudfunctions.functions.delete","cloudfunctions.functions.get","cloudfunctions.functions.list","cloudfunctions.functions.update","cloudfunctions.operations.get","firebase.projects.get"]}
[debug] [2023-02-04T23:54:22.547Z] <<< [apiv2][status] POST https://cloudresourcemanager.googleapis.com/v1/projects/test-navestock-website:testIamPermissions 200
[debug] [2023-02-04T23:54:22.548Z] <<< [apiv2][body] POST https://cloudresourcemanager.googleapis.com/v1/projects/test-navestock-website:testIamPermissions {"permissions":["cloudfunctions.functions.create","cloudfunctions.functions.delete","cloudfunctions.functions.get","cloudfunctions.functions.list","cloudfunctions.functions.update","cloudfunctions.operations.get","firebase.projects.get"]}
[debug] [2023-02-04T23:54:22.548Z] >>> [apiv2][query] POST https://iam.googleapis.com/v1/projects/test-navestock-website/serviceAccounts/test-navestock-website@appspot.gserviceaccount.com:testIamPermissions [none]
[debug] [2023-02-04T23:54:22.549Z] >>> [apiv2][body] POST https://iam.googleapis.com/v1/projects/test-navestock-website/serviceAccounts/test-navestock-website@appspot.gserviceaccount.com:testIamPermissions {"permissions":["iam.serviceAccounts.actAs"]}
[debug] [2023-02-04T23:54:22.970Z] <<< [apiv2][status] POST https://iam.googleapis.com/v1/projects/test-navestock-website/serviceAccounts/test-navestock-website@appspot.gserviceaccount.com:testIamPermissions 200
[debug] [2023-02-04T23:54:22.970Z] <<< [apiv2][body] POST https://iam.googleapis.com/v1/projects/test-navestock-website/serviceAccounts/test-navestock-website@appspot.gserviceaccount.com:testIamPermissions {"permissions":["iam.serviceAccounts.actAs"]}
[info] 
[info] === Deploying to 'test-navestock-website'...
[info] 
[info] i  deploying functions 
[debug] [2023-02-04T23:54:22.975Z] >>> [apiv2][query] GET https://firebase.googleapis.com/v1beta1/projects/test-navestock-website [none]
[debug] [2023-02-04T23:54:23.453Z] <<< [apiv2][status] GET https://firebase.googleapis.com/v1beta1/projects/test-navestock-website 200
[debug] [2023-02-04T23:54:23.453Z] <<< [apiv2][body] GET https://firebase.googleapis.com/v1beta1/projects/test-navestock-website {"projectId":"test-navestock-website","projectNumber":"304837274461","displayName":"test-navestock-website","name":"projects/test-navestock-website","resources":{"hostingSite":"test-navestock-website","realtimeDatabaseInstance":"test-navestock-website-default-rtdb","storageBucket":"test-navestock-website.appspot.com","locationId":"europe-west"},"state":"ACTIVE","etag":"1_e3454b45-4a13-48f1-b5d9-d5d1db26329e"}
[info] i  functions: preparing codebase hello for deployment 
[info] i  functions: ensuring required API cloudfunctions.googleapis.com is enabled... 
[info] i  functions: ensuring required API cloudbuild.googleapis.com is enabled... 
[info] i  artifactregistry: ensuring required API artifactregistry.googleapis.com is enabled... 
[debug] [2023-02-04T23:54:23.456Z] >>> [apiv2][query] GET https://serviceusage.googleapis.com/v1/projects/test-navestock-website/services/cloudfunctions.googleapis.com [none]
[debug] [2023-02-04T23:54:23.456Z] >>> [apiv2][(partial)header] GET https://serviceusage.googleapis.com/v1/projects/test-navestock-website/services/cloudfunctions.googleapis.com x-goog-quota-user=projects/test-navestock-website
[debug] [2023-02-04T23:54:23.457Z] >>> [apiv2][query] GET https://serviceusage.googleapis.com/v1/projects/test-navestock-website/services/runtimeconfig.googleapis.com [none]
[debug] [2023-02-04T23:54:23.458Z] >>> [apiv2][(partial)header] GET https://serviceusage.googleapis.com/v1/projects/test-navestock-website/services/runtimeconfig.googleapis.com x-goog-quota-user=projects/test-navestock-website
[debug] [2023-02-04T23:54:23.459Z] >>> [apiv2][query] GET https://serviceusage.googleapis.com/v1/projects/test-navestock-website/services/cloudbuild.googleapis.com [none]
[debug] [2023-02-04T23:54:23.459Z] >>> [apiv2][(partial)header] GET https://serviceusage.googleapis.com/v1/projects/test-navestock-website/services/cloudbuild.googleapis.com x-goog-quota-user=projects/test-navestock-website
[debug] [2023-02-04T23:54:23.460Z] >>> [apiv2][query] GET https://serviceusage.googleapis.com/v1/projects/test-navestock-website/services/artifactregistry.googleapis.com [none]
[debug] [2023-02-04T23:54:23.460Z] >>> [apiv2][(partial)header] GET https://serviceusage.googleapis.com/v1/projects/test-navestock-website/services/artifactregistry.googleapis.com x-goog-quota-user=projects/test-navestock-website
[debug] [2023-02-04T23:54:24.481Z] <<< [apiv2][status] GET https://serviceusage.googleapis.com/v1/projects/test-navestock-website/services/runtimeconfig.googleapis.com 200
[debug] [2023-02-04T23:54:24.481Z] <<< [apiv2][body] GET https://serviceusage.googleapis.com/v1/projects/test-navestock-website/services/runtimeconfig.googleapis.com [omitted]
[debug] [2023-02-04T23:54:24.482Z] <<< [apiv2][status] GET https://serviceusage.googleapis.com/v1/projects/test-navestock-website/services/cloudbuild.googleapis.com 200
[debug] [2023-02-04T23:54:24.482Z] <<< [apiv2][body] GET https://serviceusage.googleapis.com/v1/projects/test-navestock-website/services/cloudbuild.googleapis.com [omitted]
[info] ✔  functions: required API cloudbuild.googleapis.com is enabled 
[debug] [2023-02-04T23:54:24.485Z] <<< [apiv2][status] GET https://serviceusage.googleapis.com/v1/projects/test-navestock-website/services/artifactregistry.googleapis.com 200
[debug] [2023-02-04T23:54:24.485Z] <<< [apiv2][body] GET https://serviceusage.googleapis.com/v1/projects/test-navestock-website/services/artifactregistry.googleapis.com [omitted]
[info] ✔  artifactregistry: required API artifactregistry.googleapis.com is enabled 
[debug] [2023-02-04T23:54:24.486Z] <<< [apiv2][status] GET https://serviceusage.googleapis.com/v1/projects/test-navestock-website/services/cloudfunctions.googleapis.com 200
[debug] [2023-02-04T23:54:24.486Z] <<< [apiv2][body] GET https://serviceusage.googleapis.com/v1/projects/test-navestock-website/services/cloudfunctions.googleapis.com [omitted]
[info] ✔  functions: required API cloudfunctions.googleapis.com is enabled 
[debug] [2023-02-04T23:54:24.486Z] >>> [apiv2][query] GET https://firebase.googleapis.com/v1beta1/projects/test-navestock-website/adminSdkConfig [none]
[debug] [2023-02-04T23:54:24.966Z] <<< [apiv2][status] GET https://firebase.googleapis.com/v1beta1/projects/test-navestock-website/adminSdkConfig 200
[debug] [2023-02-04T23:54:24.966Z] <<< [apiv2][body] GET https://firebase.googleapis.com/v1beta1/projects/test-navestock-website/adminSdkConfig {"projectId":"test-navestock-website","databaseURL":"https://test-navestock-website-default-rtdb.europe-west1.firebasedatabase.app","storageBucket":"test-navestock-website.appspot.com","locationId":"europe-west"}
[debug] [2023-02-04T23:54:24.967Z] >>> [apiv2][query] GET https://runtimeconfig.googleapis.com/v1beta1/projects/test-navestock-website/configs [none]
[debug] [2023-02-04T23:54:25.389Z] <<< [apiv2][status] GET https://runtimeconfig.googleapis.com/v1beta1/projects/test-navestock-website/configs 200
[debug] [2023-02-04T23:54:25.389Z] <<< [apiv2][body] GET https://runtimeconfig.googleapis.com/v1beta1/projects/test-navestock-website/configs {}
[debug] [2023-02-04T23:54:25.391Z] Validating nodejs source
[debug] [2023-02-04T23:54:26.580Z] > [functions] package.json contents: {
  "name": "functions-api-hello",
  "version": "0.0.1",
  "main": "./index.cjs"
}
[debug] [2023-02-04T23:54:26.580Z] Building nodejs source
[debug] [2023-02-04T23:54:26.581Z] Could not find functions.yaml. Must use http discovery
[debug] [2023-02-04T23:54:26.597Z] Found firebase-functions binary at '/Users/lefrascoetzee/Documents/Code/navestockcricketclub-monorepo-v2/node_modules/.bin/firebase-functions'
[debug] [2023-02-04T23:54:26.908Z] Serving at port 8465

[debug] [2023-02-04T23:54:27.079Z] Got response from /__/functions.yaml {"endpoints":{"apihello":{"availableMemoryMb":null,"timeoutSeconds":90,"minInstances":null,"maxInstances":null,"ingressSettings":null,"concurrency":null,"serviceAccountEmail":null,"vpc":null,"platform":"gcfv2","region":["europe-west2"],"labels":{},"httpsTrigger":{},"entryPoint":"apihello"}},"specVersion":"v1alpha1","requiredAPIs":[]}
[debug] [2023-02-04T23:54:27.089Z] shutdown requested via /__/quitquitquit

[info] i  functions: preparing dist/packages/functions/api-hello directory for uploading... 
[info] i  functions: packaged /Users/lefrascoetzee/Documents/Code/navestockcricketclub-monorepo-v2/dist/packages/functions/api-hello (723.54 KB) for uploading 
[debug] [2023-02-04T23:54:27.221Z] >>> [apiv2][query] GET https://cloudfunctions.googleapis.com/v1/projects/test-navestock-website/locations/-/functions [none]
[debug] [2023-02-04T23:54:27.958Z] <<< [apiv2][status] GET https://cloudfunctions.googleapis.com/v1/projects/test-navestock-website/locations/-/functions 200
[debug] [2023-02-04T23:54:27.958Z] <<< [apiv2][body] GET https://cloudfunctions.googleapis.com/v1/projects/test-navestock-website/locations/-/functions {}
[debug] [2023-02-04T23:54:27.959Z] >>> [apiv2][query] GET https://cloudfunctions.googleapis.com/v2/projects/test-navestock-website/locations/-/functions filter=environment%3D%22GEN_2%22
[debug] [2023-02-04T23:54:29.183Z] <<< [apiv2][status] GET https://cloudfunctions.googleapis.com/v2/projects/test-navestock-website/locations/-/functions 200
[debug] [2023-02-04T23:54:29.183Z] <<< [apiv2][body] GET https://cloudfunctions.googleapis.com/v2/projects/test-navestock-website/locations/-/functions {}
[info] i  functions: ensuring required API run.googleapis.com is enabled... 
[info] i  functions: ensuring required API eventarc.googleapis.com is enabled... 
[info] i  functions: ensuring required API pubsub.googleapis.com is enabled... 
[info] i  functions: ensuring required API storage.googleapis.com is enabled... 
[debug] [2023-02-04T23:54:29.192Z] >>> [apiv2][query] GET https://serviceusage.googleapis.com/v1/projects/test-navestock-website/services/run.googleapis.com [none]
[debug] [2023-02-04T23:54:29.192Z] >>> [apiv2][(partial)header] GET https://serviceusage.googleapis.com/v1/projects/test-navestock-website/services/run.googleapis.com x-goog-quota-user=projects/test-navestock-website
[debug] [2023-02-04T23:54:29.194Z] >>> [apiv2][query] GET https://serviceusage.googleapis.com/v1/projects/test-navestock-website/services/eventarc.googleapis.com [none]
[debug] [2023-02-04T23:54:29.194Z] >>> [apiv2][(partial)header] GET https://serviceusage.googleapis.com/v1/projects/test-navestock-website/services/eventarc.googleapis.com x-goog-quota-user=projects/test-navestock-website
[debug] [2023-02-04T23:54:29.196Z] >>> [apiv2][query] GET https://serviceusage.googleapis.com/v1/projects/test-navestock-website/services/pubsub.googleapis.com [none]
[debug] [2023-02-04T23:54:29.197Z] >>> [apiv2][(partial)header] GET https://serviceusage.googleapis.com/v1/projects/test-navestock-website/services/pubsub.googleapis.com x-goog-quota-user=projects/test-navestock-website
[debug] [2023-02-04T23:54:29.199Z] >>> [apiv2][query] GET https://serviceusage.googleapis.com/v1/projects/test-navestock-website/services/storage.googleapis.com [none]
[debug] [2023-02-04T23:54:29.199Z] >>> [apiv2][(partial)header] GET https://serviceusage.googleapis.com/v1/projects/test-navestock-website/services/storage.googleapis.com x-goog-quota-user=projects/test-navestock-website
[debug] [2023-02-04T23:54:30.147Z] <<< [apiv2][status] GET https://serviceusage.googleapis.com/v1/projects/test-navestock-website/services/run.googleapis.com 200
[debug] [2023-02-04T23:54:30.148Z] <<< [apiv2][body] GET https://serviceusage.googleapis.com/v1/projects/test-navestock-website/services/run.googleapis.com [omitted]
[info] ✔  functions: required API run.googleapis.com is enabled 
[debug] [2023-02-04T23:54:30.179Z] <<< [apiv2][status] GET https://serviceusage.googleapis.com/v1/projects/test-navestock-website/services/eventarc.googleapis.com 200
[debug] [2023-02-04T23:54:30.179Z] <<< [apiv2][body] GET https://serviceusage.googleapis.com/v1/projects/test-navestock-website/services/eventarc.googleapis.com [omitted]
[info] ✔  functions: required API eventarc.googleapis.com is enabled 
[debug] [2023-02-04T23:54:30.183Z] <<< [apiv2][status] GET https://serviceusage.googleapis.com/v1/projects/test-navestock-website/services/storage.googleapis.com 200
[debug] [2023-02-04T23:54:30.183Z] <<< [apiv2][body] GET https://serviceusage.googleapis.com/v1/projects/test-navestock-website/services/storage.googleapis.com [omitted]
[info] ✔  functions: required API storage.googleapis.com is enabled 
[debug] [2023-02-04T23:54:30.190Z] <<< [apiv2][status] GET https://serviceusage.googleapis.com/v1/projects/test-navestock-website/services/pubsub.googleapis.com 200
[debug] [2023-02-04T23:54:30.190Z] <<< [apiv2][body] GET https://serviceusage.googleapis.com/v1/projects/test-navestock-website/services/pubsub.googleapis.com [omitted]
[info] ✔  functions: required API pubsub.googleapis.com is enabled 
[info] i  functions: generating the service identity for pubsub.googleapis.com... 
[info] i  functions: generating the service identity for eventarc.googleapis.com... 
[debug] [2023-02-04T23:54:30.191Z] >>> [apiv2][query] POST https://serviceusage.googleapis.com/v1beta1/projects/304837274461/services/pubsub.googleapis.com:generateServiceIdentity [none]
[debug] [2023-02-04T23:54:30.194Z] >>> [apiv2][query] POST https://serviceusage.googleapis.com/v1beta1/projects/304837274461/services/eventarc.googleapis.com:generateServiceIdentity [none]
[debug] [2023-02-04T23:54:31.233Z] <<< [apiv2][status] POST https://serviceusage.googleapis.com/v1beta1/projects/304837274461/services/pubsub.googleapis.com:generateServiceIdentity 200
[debug] [2023-02-04T23:54:31.233Z] <<< [apiv2][body] POST https://serviceusage.googleapis.com/v1beta1/projects/304837274461/services/pubsub.googleapis.com:generateServiceIdentity {"name":"operations/finished.DONE_OPERATION","done":true,"response":{"@type":"type.googleapis.com/google.api.serviceusage.v1beta1.ServiceIdentity","email":"service-304837274461@gcp-sa-pubsub.iam.gserviceaccount.com","uniqueId":"114187000677138197179"}}
[debug] [2023-02-04T23:54:31.234Z] <<< [apiv2][status] POST https://serviceusage.googleapis.com/v1beta1/projects/304837274461/services/eventarc.googleapis.com:generateServiceIdentity 200
[debug] [2023-02-04T23:54:31.235Z] <<< [apiv2][body] POST https://serviceusage.googleapis.com/v1beta1/projects/304837274461/services/eventarc.googleapis.com:generateServiceIdentity {"name":"operations/finished.DONE_OPERATION","done":true,"response":{"@type":"type.googleapis.com/google.api.serviceusage.v1beta1.ServiceIdentity","email":"service-304837274461@gcp-sa-eventarc.iam.gserviceaccount.com","uniqueId":"112507119126410516931"}}
[debug] [2023-02-04T23:54:31.237Z] >>> [apiv2][query] GET https://firebase.googleapis.com/v1beta1/projects/test-navestock-website [none]
[debug] [2023-02-04T23:54:31.526Z] <<< [apiv2][status] GET https://firebase.googleapis.com/v1beta1/projects/test-navestock-website 200
[debug] [2023-02-04T23:54:31.526Z] <<< [apiv2][body] GET https://firebase.googleapis.com/v1beta1/projects/test-navestock-website {"projectId":"test-navestock-website","projectNumber":"304837274461","displayName":"test-navestock-website","name":"projects/test-navestock-website","resources":{"hostingSite":"test-navestock-website","realtimeDatabaseInstance":"test-navestock-website-default-rtdb","storageBucket":"test-navestock-website.appspot.com","locationId":"europe-west"},"state":"ACTIVE","etag":"1_e3454b45-4a13-48f1-b5d9-d5d1db26329e"}
[debug] [2023-02-04T23:54:31.527Z] [functions] found 1 new HTTP functions, testing setIamPolicy permission...
[debug] [2023-02-04T23:54:31.527Z] >>> [apiv2][query] POST https://cloudresourcemanager.googleapis.com/v1/projects/test-navestock-website:testIamPermissions [none]
[debug] [2023-02-04T23:54:31.527Z] >>> [apiv2][(partial)header] POST https://cloudresourcemanager.googleapis.com/v1/projects/test-navestock-website:testIamPermissions x-goog-quota-user=projects/test-navestock-website
[debug] [2023-02-04T23:54:31.527Z] >>> [apiv2][body] POST https://cloudresourcemanager.googleapis.com/v1/projects/test-navestock-website:testIamPermissions {"permissions":["cloudfunctions.functions.setIamPolicy"]}
[debug] [2023-02-04T23:54:32.277Z] <<< [apiv2][status] POST https://cloudresourcemanager.googleapis.com/v1/projects/test-navestock-website:testIamPermissions 200
[debug] [2023-02-04T23:54:32.277Z] <<< [apiv2][body] POST https://cloudresourcemanager.googleapis.com/v1/projects/test-navestock-website:testIamPermissions {"permissions":["cloudfunctions.functions.setIamPolicy"]}
[debug] [2023-02-04T23:54:32.278Z] [functions] found setIamPolicy permission, proceeding with deploy
[debug] [2023-02-04T23:54:32.278Z] >>> [apiv2][query] POST https://cloudfunctions.googleapis.com/v2/projects/test-navestock-website/locations/europe-west2/functions:generateUploadUrl [none]
[debug] [2023-02-04T23:54:32.687Z] <<< [apiv2][status] POST https://cloudfunctions.googleapis.com/v2/projects/test-navestock-website/locations/europe-west2/functions:generateUploadUrl 200
[debug] [2023-02-04T23:54:32.687Z] <<< [apiv2][body] POST https://cloudfunctions.googleapis.com/v2/projects/test-navestock-website/locations/europe-west2/functions:generateUploadUrl {"uploadUrl":"https://storage.googleapis.com/gcf-v2-uploads-304837274461-europe-west2/ac8e2f29-75fc-4ada-879b-d3a34e81d05e.zip?GoogleAccessId=service-304837274461@gcf-admin-robot.iam.gserviceaccount.com&Expires=1675556672&Signature=XfcrNk5uWiG%2BX8nfNAb0ItQJQgsJWANmqEZWiPDIqb19wXcwAv62vpIMrQPpEVvL6x5IEZD1vNiNk2Yc4rmU1BbETkbPkxe6QcpqdnpaP6mlRSC5mwnf%2B48PIBWRlnl36ygC2T6h22q%2BDN92e4Uk0HIdqfzPsdn9zr%2FPsn3WwMK9IGhc%2B1DMV2O7uKP9wuhBTkzGf7RsKMxre65EI9Pj7BYz4gou0CVx1uyyo6ns7FOyRhKZTtTWbazj4NBpZ8VUy0yf54gmI%2BlMvrJhJWQl9OTNQOKGHN70TGQmKenPDB%2FSA%2FYjruNrPFz9g%2Fb%2B8qBkIAi%2FayX4MK%2Fa1r38TX2EKA%3D%3D","storageSource":{"bucket":"gcf-v2-uploads-304837274461-europe-west2","object":"ac8e2f29-75fc-4ada-879b-d3a34e81d05e.zip"}}
[debug] [2023-02-04T23:54:32.688Z] >>> [apiv2][query] PUT https://storage.googleapis.com/gcf-v2-uploads-304837274461-europe-west2/ac8e2f29-75fc-4ada-879b-d3a34e81d05e.zip GoogleAccessId=service-304837274461%40gcf-admin-robot.iam.gserviceaccount.com&Expires=1675556672&Signature=XfcrNk5uWiG%2BX8nfNAb0ItQJQgsJWANmqEZWiPDIqb19wXcwAv62vpIMrQPpEVvL6x5IEZD1vNiNk2Yc4rmU1BbETkbPkxe6QcpqdnpaP6mlRSC5mwnf%2B48PIBWRlnl36ygC2T6h22q%2BDN92e4Uk0HIdqfzPsdn9zr%2FPsn3WwMK9IGhc%2B1DMV2O7uKP9wuhBTkzGf7RsKMxre65EI9Pj7BYz4gou0CVx1uyyo6ns7FOyRhKZTtTWbazj4NBpZ8VUy0yf54gmI%2BlMvrJhJWQl9OTNQOKGHN70TGQmKenPDB%2FSA%2FYjruNrPFz9g%2Fb%2B8qBkIAi%2FayX4MK%2Fa1r38TX2EKA%3D%3D
[debug] [2023-02-04T23:54:32.689Z] >>> [apiv2][body] PUT https://storage.googleapis.com/gcf-v2-uploads-304837274461-europe-west2/ac8e2f29-75fc-4ada-879b-d3a34e81d05e.zip [stream]
[debug] [2023-02-04T23:54:44.924Z] <<< [apiv2][status] PUT https://storage.googleapis.com/gcf-v2-uploads-304837274461-europe-west2/ac8e2f29-75fc-4ada-879b-d3a34e81d05e.zip 200
[debug] [2023-02-04T23:54:44.925Z] <<< [apiv2][body] PUT https://storage.googleapis.com/gcf-v2-uploads-304837274461-europe-west2/ac8e2f29-75fc-4ada-879b-d3a34e81d05e.zip [omitted]
[info] ✔  functions: dist/packages/functions/api-hello folder uploaded successfully 
[info] i  functions: creating Node.js 18 function hello:apihello(europe-west2)... 
[debug] [2023-02-04T23:54:44.930Z] >>> [apiv2][query] POST https://cloudfunctions.googleapis.com/v2/projects/test-navestock-website/locations/europe-west2/functions functionId=apihello
[debug] [2023-02-04T23:54:44.930Z] >>> [apiv2][body] POST https://cloudfunctions.googleapis.com/v2/projects/test-navestock-website/locations/europe-west2/functions {"name":"projects/test-navestock-website/locations/europe-west2/functions/apihello","buildConfig":{"runtime":"nodejs18","entryPoint":"apihello","source":{"storageSource":{"bucket":"gcf-v2-uploads-304837274461-europe-west2","object":"ac8e2f29-75fc-4ada-879b-d3a34e81d05e.zip"}},"environmentVariables":{}},"serviceConfig":{"environmentVariables":{"FIREBASE_CONFIG":"{\"projectId\":\"test-navestock-website\",\"databaseURL\":\"https://test-navestock-website-default-rtdb.europe-west1.firebasedatabase.app\",\"storageBucket\":\"test-navestock-website.appspot.com\",\"locationId\":\"europe-west\"}","GCLOUD_PROJECT":"test-navestock-website","EVENTARC_CLOUD_EVENT_SOURCE":"projects/test-navestock-website/locations/europe-west2/services/apihello"},"ingressSettings":null,"timeoutSeconds":90,"serviceAccountEmail":null,"availableMemory":"256Mi","minInstanceCount":null,"maxInstanceCount":null,"vpcConnector":null,"vpcConnectorEgressSettings":null},"labels":{"deployment-tool":"cli-firebase","firebase-functions-codebase":"hello","firebase-functions-hash":"fd7d3e929cde18ec0e44361afea650dbb9c65989"}}
[debug] [2023-02-04T23:54:45.621Z] <<< [apiv2][status] POST https://cloudfunctions.googleapis.com/v2/projects/test-navestock-website/locations/europe-west2/functions 200
[debug] [2023-02-04T23:54:45.622Z] <<< [apiv2][body] POST https://cloudfunctions.googleapis.com/v2/projects/test-navestock-website/locations/europe-west2/functions {"name":"projects/test-navestock-website/locations/europe-west2/operations/operation-1675554885251-5f3e885bcb12f-af56aa79-e118d053","metadata":{"@type":"type.googleapis.com/google.cloud.functions.v2.OperationMetadata","createTime":"2023-02-04T23:54:45.702570313Z","target":"projects/test-navestock-website/locations/europe-west2/functions/apihello","verb":"create","cancelRequested":false,"apiVersion":"v2"},"done":false}
[debug] [2023-02-04T23:54:45.623Z] >>> [apiv2][query] GET https://cloudfunctions.googleapis.com/v2/projects/test-navestock-website/locations/europe-west2/operations/operation-1675554885251-5f3e885bcb12f-af56aa79-e118d053 [none]
[debug] [2023-02-04T23:54:45.893Z] <<< [apiv2][status] GET https://cloudfunctions.googleapis.com/v2/projects/test-navestock-website/locations/europe-west2/operations/operation-1675554885251-5f3e885bcb12f-af56aa79-e118d053 200
[debug] [2023-02-04T23:54:45.893Z] <<< [apiv2][body] GET https://cloudfunctions.googleapis.com/v2/projects/test-navestock-website/locations/europe-west2/operations/operation-1675554885251-5f3e885bcb12f-af56aa79-e118d053 {"name":"projects/test-navestock-website/locations/europe-west2/operations/operation-1675554885251-5f3e885bcb12f-af56aa79-e118d053","metadata":{"@type":"type.googleapis.com/google.cloud.functions.v2.OperationMetadata","createTime":"2023-02-04T23:54:45.702570313Z","target":"projects/test-navestock-website/locations/europe-west2/functions/apihello","verb":"create","cancelRequested":false,"apiVersion":"v2","requestResource":{"@type":"type.googleapis.com/google.cloud.functions.v2.Function","name":"projects/test-navestock-website/locations/europe-west2/functions/apihello","buildConfig":{"runtime":"nodejs18","entryPoint":"apihello","source":{"storageSource":{"bucket":"gcf-v2-sources-304837274461-europe-west2","object":"apihello/function-source.zip"}}},"serviceConfig":{"service":"projects/test-navestock-website/locations/europe-west2/services/apihello","timeoutSeconds":90,"environmentVariables":{"FIREBASE_CONFIG":"{\"projectId\":\"test-navestock-website\",\"databaseURL\":\"https://test-navestock-website-default-rtdb.europe-west1.firebasedatabase.app\",\"storageBucket\":\"test-navestock-website.appspot.com\",\"locationId\":\"europe-west\"}","GCLOUD_PROJECT":"test-navestock-website","EVENTARC_CLOUD_EVENT_SOURCE":"projects/test-navestock-website/locations/europe-west2/services/apihello"},"maxInstanceCount":100,"ingressSettings":"ALLOW_ALL","serviceAccountEmail":"304837274461-compute@developer.gserviceaccount.com","availableMemory":"256Mi","maxInstanceRequestConcurrency":1},"labels":{"deployment-tool":"cli-firebase","firebase-functions-codebase":"hello","firebase-functions-hash":"fd7d3e929cde18ec0e44361afea650dbb9c65989"},"environment":"GEN_2"},"stages":[{"name":"BUILD","state":"NOT_STARTED"},{"name":"SERVICE","state":"NOT_STARTED"}]},"done":false}
[debug] [2023-02-04T23:54:46.394Z] [create-hello-europe-west2-apihello] Retrying task index 0
[debug] [2023-02-04T23:54:46.394Z] >>> [apiv2][query] GET https://cloudfunctions.googleapis.com/v2/projects/test-navestock-website/locations/europe-west2/operations/operation-1675554885251-5f3e885bcb12f-af56aa79-e118d053 [none]
[debug] [2023-02-04T23:54:46.707Z] <<< [apiv2][status] GET https://cloudfunctions.googleapis.com/v2/projects/test-navestock-website/locations/europe-west2/operations/operation-1675554885251-5f3e885bcb12f-af56aa79-e118d053 200
[debug] [2023-02-04T23:54:46.707Z] <<< [apiv2][body] GET https://cloudfunctions.googleapis.com/v2/projects/test-navestock-website/locations/europe-west2/operations/operation-1675554885251-5f3e885bcb12f-af56aa79-e118d053 {"name":"projects/test-navestock-website/locations/europe-west2/operations/operation-1675554885251-5f3e885bcb12f-af56aa79-e118d053","metadata":{"@type":"type.googleapis.com/google.cloud.functions.v2.OperationMetadata","createTime":"2023-02-04T23:54:45.702570313Z","target":"projects/test-navestock-website/locations/europe-west2/functions/apihello","verb":"create","cancelRequested":false,"apiVersion":"v2","requestResource":{"@type":"type.googleapis.com/google.cloud.functions.v2.Function","name":"projects/test-navestock-website/locations/europe-west2/functions/apihello","buildConfig":{"runtime":"nodejs18","entryPoint":"apihello","source":{"storageSource":{"bucket":"gcf-v2-sources-304837274461-europe-west2","object":"apihello/function-source.zip"}}},"serviceConfig":{"service":"projects/test-navestock-website/locations/europe-west2/services/apihello","timeoutSeconds":90,"environmentVariables":{"FIREBASE_CONFIG":"{\"projectId\":\"test-navestock-website\",\"databaseURL\":\"https://test-navestock-website-default-rtdb.europe-west1.firebasedatabase.app\",\"storageBucket\":\"test-navestock-website.appspot.com\",\"locationId\":\"europe-west\"}","GCLOUD_PROJECT":"test-navestock-website","EVENTARC_CLOUD_EVENT_SOURCE":"projects/test-navestock-website/locations/europe-west2/services/apihello"},"maxInstanceCount":100,"ingressSettings":"ALLOW_ALL","serviceAccountEmail":"304837274461-compute@developer.gserviceaccount.com","availableMemory":"256Mi","maxInstanceRequestConcurrency":1},"labels":{"deployment-tool":"cli-firebase","firebase-functions-codebase":"hello","firebase-functions-hash":"fd7d3e929cde18ec0e44361afea650dbb9c65989"},"environment":"GEN_2"},"stages":[{"name":"BUILD","state":"NOT_STARTED"},{"name":"SERVICE","state":"NOT_STARTED"}]},"done":false}
[debug] [2023-02-04T23:54:47.708Z] [create-hello-europe-west2-apihello] Retrying task index 0
[debug] [2023-02-04T23:54:47.709Z] >>> [apiv2][query] GET https://cloudfunctions.googleapis.com/v2/projects/test-navestock-website/locations/europe-west2/operations/operation-1675554885251-5f3e885bcb12f-af56aa79-e118d053 [none]
[debug] [2023-02-04T23:54:47.891Z] <<< [apiv2][status] GET https://cloudfunctions.googleapis.com/v2/projects/test-navestock-website/locations/europe-west2/operations/operation-1675554885251-5f3e885bcb12f-af56aa79-e118d053 200
[debug] [2023-02-04T23:54:47.891Z] <<< [apiv2][body] GET https://cloudfunctions.googleapis.com/v2/projects/test-navestock-website/locations/europe-west2/operations/operation-1675554885251-5f3e885bcb12f-af56aa79-e118d053 {"name":"projects/test-navestock-website/locations/europe-west2/operations/operation-1675554885251-5f3e885bcb12f-af56aa79-e118d053","metadata":{"@type":"type.googleapis.com/google.cloud.functions.v2.OperationMetadata","createTime":"2023-02-04T23:54:45.702570313Z","target":"projects/test-navestock-website/locations/europe-west2/functions/apihello","verb":"create","cancelRequested":false,"apiVersion":"v2","requestResource":{"@type":"type.googleapis.com/google.cloud.functions.v2.Function","name":"projects/test-navestock-website/locations/europe-west2/functions/apihello","buildConfig":{"runtime":"nodejs18","entryPoint":"apihello","source":{"storageSource":{"bucket":"gcf-v2-sources-304837274461-europe-west2","object":"apihello/function-source.zip"}}},"serviceConfig":{"service":"projects/test-navestock-website/locations/europe-west2/services/apihello","timeoutSeconds":90,"environmentVariables":{"FIREBASE_CONFIG":"{\"projectId\":\"test-navestock-website\",\"databaseURL\":\"https://test-navestock-website-default-rtdb.europe-west1.firebasedatabase.app\",\"storageBucket\":\"test-navestock-website.appspot.com\",\"locationId\":\"europe-west\"}","GCLOUD_PROJECT":"test-navestock-website","EVENTARC_CLOUD_EVENT_SOURCE":"projects/test-navestock-website/locations/europe-west2/services/apihello"},"maxInstanceCount":100,"ingressSettings":"ALLOW_ALL","serviceAccountEmail":"304837274461-compute@developer.gserviceaccount.com","availableMemory":"256Mi","maxInstanceRequestConcurrency":1},"labels":{"deployment-tool":"cli-firebase","firebase-functions-codebase":"hello","firebase-functions-hash":"fd7d3e929cde18ec0e44361afea650dbb9c65989"},"environment":"GEN_2"},"stages":[{"name":"BUILD","message":"Creating build","state":"IN_PROGRESS","resource":"projects/304837274461/locations/europe-west2/builds/a2e88b92-3bda-4480-b6fd-2c4c2cbb39f0","resourceUri":"https://console.cloud.google.com/cloud-build/builds;region=europe-west2/a2e88b92-3bda-4480-b6fd-2c4c2cbb39f0?project=304837274461"},{"name":"SERVICE","state":"NOT_STARTED"}]},"done":false}
[debug] [2023-02-04T23:54:49.892Z] [create-hello-europe-west2-apihello] Retrying task index 0
[debug] [2023-02-04T23:54:49.892Z] >>> [apiv2][query] GET https://cloudfunctions.googleapis.com/v2/projects/test-navestock-website/locations/europe-west2/operations/operation-1675554885251-5f3e885bcb12f-af56aa79-e118d053 [none]
[debug] [2023-02-04T23:54:50.116Z] <<< [apiv2][status] GET https://cloudfunctions.googleapis.com/v2/projects/test-navestock-website/locations/europe-west2/operations/operation-1675554885251-5f3e885bcb12f-af56aa79-e118d053 200
[debug] [2023-02-04T23:54:50.116Z] <<< [apiv2][body] GET https://cloudfunctions.googleapis.com/v2/projects/test-navestock-website/locations/europe-west2/operations/operation-1675554885251-5f3e885bcb12f-af56aa79-e118d053 {"name":"projects/test-navestock-website/locations/europe-west2/operations/operation-1675554885251-5f3e885bcb12f-af56aa79-e118d053","metadata":{"@type":"type.googleapis.com/google.cloud.functions.v2.OperationMetadata","createTime":"2023-02-04T23:54:45.702570313Z","target":"projects/test-navestock-website/locations/europe-west2/functions/apihello","verb":"create","cancelRequested":false,"apiVersion":"v2","requestResource":{"@type":"type.googleapis.com/google.cloud.functions.v2.Function","name":"projects/test-navestock-website/locations/europe-west2/functions/apihello","buildConfig":{"runtime":"nodejs18","entryPoint":"apihello","source":{"storageSource":{"bucket":"gcf-v2-sources-304837274461-europe-west2","object":"apihello/function-source.zip"}}},"serviceConfig":{"service":"projects/test-navestock-website/locations/europe-west2/services/apihello","timeoutSeconds":90,"environmentVariables":{"FIREBASE_CONFIG":"{\"projectId\":\"test-navestock-website\",\"databaseURL\":\"https://test-navestock-website-default-rtdb.europe-west1.firebasedatabase.app\",\"storageBucket\":\"test-navestock-website.appspot.com\",\"locationId\":\"europe-west\"}","GCLOUD_PROJECT":"test-navestock-website","EVENTARC_CLOUD_EVENT_SOURCE":"projects/test-navestock-website/locations/europe-west2/services/apihello"},"maxInstanceCount":100,"ingressSettings":"ALLOW_ALL","serviceAccountEmail":"304837274461-compute@developer.gserviceaccount.com","availableMemory":"256Mi","maxInstanceRequestConcurrency":1},"labels":{"deployment-tool":"cli-firebase","firebase-functions-codebase":"hello","firebase-functions-hash":"fd7d3e929cde18ec0e44361afea650dbb9c65989"},"environment":"GEN_2"},"stages":[{"name":"BUILD","message":"Creating build","state":"IN_PROGRESS","resource":"projects/304837274461/locations/europe-west2/builds/a2e88b92-3bda-4480-b6fd-2c4c2cbb39f0","resourceUri":"https://console.cloud.google.com/cloud-build/builds;region=europe-west2/a2e88b92-3bda-4480-b6fd-2c4c2cbb39f0?project=304837274461"},{"name":"SERVICE","state":"NOT_STARTED"}]},"done":false}
[debug] [2023-02-04T23:54:54.117Z] [create-hello-europe-west2-apihello] Retrying task index 0
[debug] [2023-02-04T23:54:54.118Z] >>> [apiv2][query] GET https://cloudfunctions.googleapis.com/v2/projects/test-navestock-website/locations/europe-west2/operations/operation-1675554885251-5f3e885bcb12f-af56aa79-e118d053 [none]
[debug] [2023-02-04T23:54:54.357Z] <<< [apiv2][status] GET https://cloudfunctions.googleapis.com/v2/projects/test-navestock-website/locations/europe-west2/operations/operation-1675554885251-5f3e885bcb12f-af56aa79-e118d053 200
[debug] [2023-02-04T23:54:54.357Z] <<< [apiv2][body] GET https://cloudfunctions.googleapis.com/v2/projects/test-navestock-website/locations/europe-west2/operations/operation-1675554885251-5f3e885bcb12f-af56aa79-e118d053 {"name":"projects/test-navestock-website/locations/europe-west2/operations/operation-1675554885251-5f3e885bcb12f-af56aa79-e118d053","metadata":{"@type":"type.googleapis.com/google.cloud.functions.v2.OperationMetadata","createTime":"2023-02-04T23:54:45.702570313Z","target":"projects/test-navestock-website/locations/europe-west2/functions/apihello","verb":"create","cancelRequested":false,"apiVersion":"v2","requestResource":{"@type":"type.googleapis.com/google.cloud.functions.v2.Function","name":"projects/test-navestock-website/locations/europe-west2/functions/apihello","buildConfig":{"runtime":"nodejs18","entryPoint":"apihello","source":{"storageSource":{"bucket":"gcf-v2-sources-304837274461-europe-west2","object":"apihello/function-source.zip"}}},"serviceConfig":{"service":"projects/test-navestock-website/locations/europe-west2/services/apihello","timeoutSeconds":90,"environmentVariables":{"FIREBASE_CONFIG":"{\"projectId\":\"test-navestock-website\",\"databaseURL\":\"https://test-navestock-website-default-rtdb.europe-west1.firebasedatabase.app\",\"storageBucket\":\"test-navestock-website.appspot.com\",\"locationId\":\"europe-west\"}","GCLOUD_PROJECT":"test-navestock-website","EVENTARC_CLOUD_EVENT_SOURCE":"projects/test-navestock-website/locations/europe-west2/services/apihello"},"maxInstanceCount":100,"ingressSettings":"ALLOW_ALL","serviceAccountEmail":"304837274461-compute@developer.gserviceaccount.com","availableMemory":"256Mi","maxInstanceRequestConcurrency":1},"labels":{"deployment-tool":"cli-firebase","firebase-functions-codebase":"hello","firebase-functions-hash":"fd7d3e929cde18ec0e44361afea650dbb9c65989"},"environment":"GEN_2"},"stages":[{"name":"BUILD","message":"Creating build","state":"IN_PROGRESS","resource":"projects/304837274461/locations/europe-west2/builds/a2e88b92-3bda-4480-b6fd-2c4c2cbb39f0","resourceUri":"https://console.cloud.google.com/cloud-build/builds;region=europe-west2/a2e88b92-3bda-4480-b6fd-2c4c2cbb39f0?project=304837274461"},{"name":"SERVICE","state":"NOT_STARTED"}]},"done":false}
[debug] [2023-02-04T23:55:02.357Z] [create-hello-europe-west2-apihello] Retrying task index 0
[debug] [2023-02-04T23:55:02.358Z] >>> [apiv2][query] GET https://cloudfunctions.googleapis.com/v2/projects/test-navestock-website/locations/europe-west2/operations/operation-1675554885251-5f3e885bcb12f-af56aa79-e118d053 [none]
[debug] [2023-02-04T23:55:02.578Z] <<< [apiv2][status] GET https://cloudfunctions.googleapis.com/v2/projects/test-navestock-website/locations/europe-west2/operations/operation-1675554885251-5f3e885bcb12f-af56aa79-e118d053 200
[debug] [2023-02-04T23:55:02.578Z] <<< [apiv2][body] GET https://cloudfunctions.googleapis.com/v2/projects/test-navestock-website/locations/europe-west2/operations/operation-1675554885251-5f3e885bcb12f-af56aa79-e118d053 {"name":"projects/test-navestock-website/locations/europe-west2/operations/operation-1675554885251-5f3e885bcb12f-af56aa79-e118d053","metadata":{"@type":"type.googleapis.com/google.cloud.functions.v2.OperationMetadata","createTime":"2023-02-04T23:54:45.702570313Z","target":"projects/test-navestock-website/locations/europe-west2/functions/apihello","verb":"create","cancelRequested":false,"apiVersion":"v2","requestResource":{"@type":"type.googleapis.com/google.cloud.functions.v2.Function","name":"projects/test-navestock-website/locations/europe-west2/functions/apihello","buildConfig":{"runtime":"nodejs18","entryPoint":"apihello","source":{"storageSource":{"bucket":"gcf-v2-sources-304837274461-europe-west2","object":"apihello/function-source.zip"}}},"serviceConfig":{"service":"projects/test-navestock-website/locations/europe-west2/services/apihello","timeoutSeconds":90,"environmentVariables":{"FIREBASE_CONFIG":"{\"projectId\":\"test-navestock-website\",\"databaseURL\":\"https://test-navestock-website-default-rtdb.europe-west1.firebasedatabase.app\",\"storageBucket\":\"test-navestock-website.appspot.com\",\"locationId\":\"europe-west\"}","GCLOUD_PROJECT":"test-navestock-website","EVENTARC_CLOUD_EVENT_SOURCE":"projects/test-navestock-website/locations/europe-west2/services/apihello"},"maxInstanceCount":100,"ingressSettings":"ALLOW_ALL","serviceAccountEmail":"304837274461-compute@developer.gserviceaccount.com","availableMemory":"256Mi","maxInstanceRequestConcurrency":1},"labels":{"deployment-tool":"cli-firebase","firebase-functions-codebase":"hello","firebase-functions-hash":"fd7d3e929cde18ec0e44361afea650dbb9c65989"},"environment":"GEN_2"},"stages":[{"name":"BUILD","message":"Creating build","state":"IN_PROGRESS","resource":"projects/304837274461/locations/europe-west2/builds/a2e88b92-3bda-4480-b6fd-2c4c2cbb39f0","resourceUri":"https://console.cloud.google.com/cloud-build/builds;region=europe-west2/a2e88b92-3bda-4480-b6fd-2c4c2cbb39f0?project=304837274461"},{"name":"SERVICE","state":"NOT_STARTED"}]},"done":false}
[debug] [2023-02-04T23:55:12.579Z] [create-hello-europe-west2-apihello] Retrying task index 0
[debug] [2023-02-04T23:55:12.580Z] >>> [apiv2][query] GET https://cloudfunctions.googleapis.com/v2/projects/test-navestock-website/locations/europe-west2/operations/operation-1675554885251-5f3e885bcb12f-af56aa79-e118d053 [none]
[debug] [2023-02-04T23:55:12.799Z] <<< [apiv2][status] GET https://cloudfunctions.googleapis.com/v2/projects/test-navestock-website/locations/europe-west2/operations/operation-1675554885251-5f3e885bcb12f-af56aa79-e118d053 200
[debug] [2023-02-04T23:55:12.799Z] <<< [apiv2][body] GET https://cloudfunctions.googleapis.com/v2/projects/test-navestock-website/locations/europe-west2/operations/operation-1675554885251-5f3e885bcb12f-af56aa79-e118d053 {"name":"projects/test-navestock-website/locations/europe-west2/operations/operation-1675554885251-5f3e885bcb12f-af56aa79-e118d053","metadata":{"@type":"type.googleapis.com/google.cloud.functions.v2.OperationMetadata","createTime":"2023-02-04T23:54:45.702570313Z","target":"projects/test-navestock-website/locations/europe-west2/functions/apihello","verb":"create","cancelRequested":false,"apiVersion":"v2","requestResource":{"@type":"type.googleapis.com/google.cloud.functions.v2.Function","name":"projects/test-navestock-website/locations/europe-west2/functions/apihello","buildConfig":{"runtime":"nodejs18","entryPoint":"apihello","source":{"storageSource":{"bucket":"gcf-v2-sources-304837274461-europe-west2","object":"apihello/function-source.zip"}}},"serviceConfig":{"service":"projects/test-navestock-website/locations/europe-west2/services/apihello","timeoutSeconds":90,"environmentVariables":{"FIREBASE_CONFIG":"{\"projectId\":\"test-navestock-website\",\"databaseURL\":\"https://test-navestock-website-default-rtdb.europe-west1.firebasedatabase.app\",\"storageBucket\":\"test-navestock-website.appspot.com\",\"locationId\":\"europe-west\"}","GCLOUD_PROJECT":"test-navestock-website","EVENTARC_CLOUD_EVENT_SOURCE":"projects/test-navestock-website/locations/europe-west2/services/apihello"},"maxInstanceCount":100,"ingressSettings":"ALLOW_ALL","serviceAccountEmail":"304837274461-compute@developer.gserviceaccount.com","availableMemory":"256Mi","maxInstanceRequestConcurrency":1},"labels":{"deployment-tool":"cli-firebase","firebase-functions-codebase":"hello","firebase-functions-hash":"fd7d3e929cde18ec0e44361afea650dbb9c65989"},"environment":"GEN_2"},"stages":[{"name":"BUILD","message":"Creating build","state":"IN_PROGRESS","resource":"projects/304837274461/locations/europe-west2/builds/a2e88b92-3bda-4480-b6fd-2c4c2cbb39f0","resourceUri":"https://console.cloud.google.com/cloud-build/builds;region=europe-west2/a2e88b92-3bda-4480-b6fd-2c4c2cbb39f0?project=304837274461"},{"name":"SERVICE","state":"NOT_STARTED"}]},"done":false}
[debug] [2023-02-04T23:55:22.801Z] [create-hello-europe-west2-apihello] Retrying task index 0
[debug] [2023-02-04T23:55:22.801Z] >>> [apiv2][query] GET https://cloudfunctions.googleapis.com/v2/projects/test-navestock-website/locations/europe-west2/operations/operation-1675554885251-5f3e885bcb12f-af56aa79-e118d053 [none]
[debug] [2023-02-04T23:55:23.104Z] <<< [apiv2][status] GET https://cloudfunctions.googleapis.com/v2/projects/test-navestock-website/locations/europe-west2/operations/operation-1675554885251-5f3e885bcb12f-af56aa79-e118d053 200
[debug] [2023-02-04T23:55:23.105Z] <<< [apiv2][body] GET https://cloudfunctions.googleapis.com/v2/projects/test-navestock-website/locations/europe-west2/operations/operation-1675554885251-5f3e885bcb12f-af56aa79-e118d053 {"name":"projects/test-navestock-website/locations/europe-west2/operations/operation-1675554885251-5f3e885bcb12f-af56aa79-e118d053","metadata":{"@type":"type.googleapis.com/google.cloud.functions.v2.OperationMetadata","createTime":"2023-02-04T23:54:45.702570313Z","target":"projects/test-navestock-website/locations/europe-west2/functions/apihello","verb":"create","cancelRequested":false,"apiVersion":"v2","requestResource":{"@type":"type.googleapis.com/google.cloud.functions.v2.Function","name":"projects/test-navestock-website/locations/europe-west2/functions/apihello","buildConfig":{"runtime":"nodejs18","entryPoint":"apihello","source":{"storageSource":{"bucket":"gcf-v2-sources-304837274461-europe-west2","object":"apihello/function-source.zip"}}},"serviceConfig":{"service":"projects/test-navestock-website/locations/europe-west2/services/apihello","timeoutSeconds":90,"environmentVariables":{"FIREBASE_CONFIG":"{\"projectId\":\"test-navestock-website\",\"databaseURL\":\"https://test-navestock-website-default-rtdb.europe-west1.firebasedatabase.app\",\"storageBucket\":\"test-navestock-website.appspot.com\",\"locationId\":\"europe-west\"}","GCLOUD_PROJECT":"test-navestock-website","EVENTARC_CLOUD_EVENT_SOURCE":"projects/test-navestock-website/locations/europe-west2/services/apihello"},"maxInstanceCount":100,"ingressSettings":"ALLOW_ALL","serviceAccountEmail":"304837274461-compute@developer.gserviceaccount.com","availableMemory":"256Mi","maxInstanceRequestConcurrency":1},"labels":{"deployment-tool":"cli-firebase","firebase-functions-codebase":"hello","firebase-functions-hash":"fd7d3e929cde18ec0e44361afea650dbb9c65989"},"environment":"GEN_2"},"stages":[{"name":"BUILD","message":"Creating build","state":"IN_PROGRESS","resource":"projects/304837274461/locations/europe-west2/builds/a2e88b92-3bda-4480-b6fd-2c4c2cbb39f0","resourceUri":"https://console.cloud.google.com/cloud-build/builds;region=europe-west2/a2e88b92-3bda-4480-b6fd-2c4c2cbb39f0?project=304837274461"},{"name":"SERVICE","state":"NOT_STARTED"}]},"done":false}
[debug] [2023-02-04T23:55:33.104Z] [create-hello-europe-west2-apihello] Retrying task index 0
[debug] [2023-02-04T23:55:33.105Z] >>> [apiv2][query] GET https://cloudfunctions.googleapis.com/v2/projects/test-navestock-website/locations/europe-west2/operations/operation-1675554885251-5f3e885bcb12f-af56aa79-e118d053 [none]
[debug] [2023-02-04T23:55:33.280Z] <<< [apiv2][status] GET https://cloudfunctions.googleapis.com/v2/projects/test-navestock-website/locations/europe-west2/operations/operation-1675554885251-5f3e885bcb12f-af56aa79-e118d053 200
[debug] [2023-02-04T23:55:33.280Z] <<< [apiv2][body] GET https://cloudfunctions.googleapis.com/v2/projects/test-navestock-website/locations/europe-west2/operations/operation-1675554885251-5f3e885bcb12f-af56aa79-e118d053 {"name":"projects/test-navestock-website/locations/europe-west2/operations/operation-1675554885251-5f3e885bcb12f-af56aa79-e118d053","metadata":{"@type":"type.googleapis.com/google.cloud.functions.v2.OperationMetadata","createTime":"2023-02-04T23:54:45.702570313Z","target":"projects/test-navestock-website/locations/europe-west2/functions/apihello","verb":"create","cancelRequested":false,"apiVersion":"v2","requestResource":{"@type":"type.googleapis.com/google.cloud.functions.v2.Function","name":"projects/test-navestock-website/locations/europe-west2/functions/apihello","buildConfig":{"runtime":"nodejs18","entryPoint":"apihello","source":{"storageSource":{"bucket":"gcf-v2-sources-304837274461-europe-west2","object":"apihello/function-source.zip"}}},"serviceConfig":{"service":"projects/test-navestock-website/locations/europe-west2/services/apihello","timeoutSeconds":90,"environmentVariables":{"FIREBASE_CONFIG":"{\"projectId\":\"test-navestock-website\",\"databaseURL\":\"https://test-navestock-website-default-rtdb.europe-west1.firebasedatabase.app\",\"storageBucket\":\"test-navestock-website.appspot.com\",\"locationId\":\"europe-west\"}","GCLOUD_PROJECT":"test-navestock-website","EVENTARC_CLOUD_EVENT_SOURCE":"projects/test-navestock-website/locations/europe-west2/services/apihello"},"maxInstanceCount":100,"ingressSettings":"ALLOW_ALL","serviceAccountEmail":"304837274461-compute@developer.gserviceaccount.com","availableMemory":"256Mi","maxInstanceRequestConcurrency":1},"labels":{"deployment-tool":"cli-firebase","firebase-functions-codebase":"hello","firebase-functions-hash":"fd7d3e929cde18ec0e44361afea650dbb9c65989"},"environment":"GEN_2"},"stages":[{"name":"BUILD","message":"Creating build","state":"IN_PROGRESS","resource":"projects/304837274461/locations/europe-west2/builds/a2e88b92-3bda-4480-b6fd-2c4c2cbb39f0","resourceUri":"https://console.cloud.google.com/cloud-build/builds;region=europe-west2/a2e88b92-3bda-4480-b6fd-2c4c2cbb39f0?project=304837274461"},{"name":"SERVICE","state":"NOT_STARTED"}]},"done":false}
[debug] [2023-02-04T23:55:43.281Z] [create-hello-europe-west2-apihello] Retrying task index 0
[debug] [2023-02-04T23:55:43.282Z] >>> [apiv2][query] GET https://cloudfunctions.googleapis.com/v2/projects/test-navestock-website/locations/europe-west2/operations/operation-1675554885251-5f3e885bcb12f-af56aa79-e118d053 [none]
[debug] [2023-02-04T23:55:43.605Z] <<< [apiv2][status] GET https://cloudfunctions.googleapis.com/v2/projects/test-navestock-website/locations/europe-west2/operations/operation-1675554885251-5f3e885bcb12f-af56aa79-e118d053 200
[debug] [2023-02-04T23:55:43.605Z] <<< [apiv2][body] GET https://cloudfunctions.googleapis.com/v2/projects/test-navestock-website/locations/europe-west2/operations/operation-1675554885251-5f3e885bcb12f-af56aa79-e118d053 {"name":"projects/test-navestock-website/locations/europe-west2/operations/operation-1675554885251-5f3e885bcb12f-af56aa79-e118d053","metadata":{"@type":"type.googleapis.com/google.cloud.functions.v2.OperationMetadata","createTime":"2023-02-04T23:54:45.702570313Z","target":"projects/test-navestock-website/locations/europe-west2/functions/apihello","verb":"create","cancelRequested":false,"apiVersion":"v2","requestResource":{"@type":"type.googleapis.com/google.cloud.functions.v2.Function","name":"projects/test-navestock-website/locations/europe-west2/functions/apihello","buildConfig":{"runtime":"nodejs18","entryPoint":"apihello","source":{"storageSource":{"bucket":"gcf-v2-sources-304837274461-europe-west2","object":"apihello/function-source.zip"}}},"serviceConfig":{"service":"projects/test-navestock-website/locations/europe-west2/services/apihello","timeoutSeconds":90,"environmentVariables":{"FIREBASE_CONFIG":"{\"projectId\":\"test-navestock-website\",\"databaseURL\":\"https://test-navestock-website-default-rtdb.europe-west1.firebasedatabase.app\",\"storageBucket\":\"test-navestock-website.appspot.com\",\"locationId\":\"europe-west\"}","GCLOUD_PROJECT":"test-navestock-website","EVENTARC_CLOUD_EVENT_SOURCE":"projects/test-navestock-website/locations/europe-west2/services/apihello"},"maxInstanceCount":100,"ingressSettings":"ALLOW_ALL","serviceAccountEmail":"304837274461-compute@developer.gserviceaccount.com","availableMemory":"256Mi","maxInstanceRequestConcurrency":1},"labels":{"deployment-tool":"cli-firebase","firebase-functions-codebase":"hello","firebase-functions-hash":"fd7d3e929cde18ec0e44361afea650dbb9c65989"},"environment":"GEN_2"},"stages":[{"name":"BUILD","message":"Creating build","state":"IN_PROGRESS","resource":"projects/304837274461/locations/europe-west2/builds/a2e88b92-3bda-4480-b6fd-2c4c2cbb39f0","resourceUri":"https://console.cloud.google.com/cloud-build/builds;region=europe-west2/a2e88b92-3bda-4480-b6fd-2c4c2cbb39f0?project=304837274461"},{"name":"SERVICE","state":"NOT_STARTED"}]},"done":false}
